[jdih.lahatkab.go.id/images/logo.png]
[backblue.gif]
[fade.gif]
[index.html]
[cdnjs.cloudflare.com/ajax/libs/font-awesome/5.10.0/css/all.min.css]
[cdn.jsdelivr.net/npm/bootstrap-icons@1.4.1/font/bootstrap-icons.css]
[cdn.jsdelivr.net/npm/select2@4.1.0-rc.0/dist/css/select2.min.css]
[cdn.jsdelivr.net/npm/select2-bootstrap-5-theme@1.3.0/dist/select2-bootstrap-5-theme.min.css]
[jdih.lahatkab.go.id/images/dlh.png]
[jdih.lahatkab.go.id/dataweb/headerslider/benner001.png]
[jdih.lahatkab.go.id/dataweb/headerslider/banner2.jpg]
[jdih.lahatkab.go.id/images/446926.png]
[jdih.lahatkab.go.id/dataweb/berita/hut-kabupaten-lahat-ke-155-perayaan-xxvi-tahun-2024.jpg]
[jdih.lahatkab.go.id/dataweb/berita/maskot-porprov-2023-adalah-sibuge-ini-arti-dan-maknanya.jpg]
[jdih.lahatkab.go.id/dataweb/berita/tim-assesment-eliminasi-malaria-kemenkes-ri-lakukan-penilaian-di-kabupaten-lahat.jpg]
[jdih.lahatkab.go.id/dataweb/berita/masa-afdelling-lahat.jpg]
[jdih.lahatkab.go.id/dataweb/berita/geographi-dan-monographi.jpg]
[jdih.lahatkab.go.id/dataweb/berita/suku-lahat.jpg]
[jdih.lahatkab.go.id/dataweb/berita/situasi-terkini-covid-19.jpg]
[jdih.lahatkab.go.id/dataweb/berita/penambahan-kasus-sembuh-lampaui-kasus-positif-covid-19.jpg]
[code.jquery.com/jquery-3.4.1.min.js]
[cdn.jsdelivr.net/npm/bootstrap@5.0.0/dist/js/bootstrap.bundle.min.js]
[jdih.lahatkab.go.id/assets/frontend/lib/wow/wow.min.js]
[jdih.lahatkab.go.id/assets/frontend/lib/easing/easing.min.js]
[jdih.lahatkab.go.id/assets/frontend/lib/waypoints/waypoints.min.js]
[jdih.lahatkab.go.id/assets/frontend/lib/owlcarousel/owl.carousel.min.js]
[cdn.jsdelivr.net/npm/select2@4.1.0-rc.0/dist/js/select2.min.js]
[jdih.lahatkab.go.id/assets/frontend/js/main.js]
[jdih.lahatkab.go.id/index.html]
[cdnjs.cloudflare.com/ajax/libs/font-awesome/5.10.0/css/all.min.css]
[cdn.jsdelivr.net/npm/bootstrap-icons@1.4.1/font/fonts/bootstrap-iconsfb95.woff2]
[cdn.jsdelivr.net/npm/bootstrap-icons@1.4.1/font/fonts/bootstrap-iconsfb95.woff]
[cdn.jsdelivr.net/npm/bootstrap-icons@1.4.1/font/bootstrap-icons.css]
[jdih.lahatkab.go.id/assets/frontend/lib/animate/animate.min.css]
[jdih.lahatkab.go.id/assets/frontend/lib/owlcarousel/assets/owl.video.play.png]
[jdih.lahatkab.go.id/assets/frontend/lib/owlcarousel/assets/owl.carousel.min.css]
[jdih.lahatkab.go.id/assets/frontend/css/bootstrap.min.css]
[cdn.jsdelivr.net/npm/select2@4.1.0-rc.0/dist/css/select2.min.css]
[cdn.jsdelivr.net/npm/select2-bootstrap-5-theme@1.3.0/dist/select2-bootstrap-5-theme.min.css]
[jdih.lahatkab.go.id/assets/frontend/img/carousel-1.jpg]
[jdih.lahatkab.go.id/assets/frontend/css/style.css]
